app/build/outputs/logs/manifest-merger-debug-report.txt
-- Merging decision tree log ---
manifest
ADDED from src\main\AndroidManifest.xml:2:1-117:12
	package
		ADDED from src\main\AndroidManifest.xml:3:5-35
		INJECTED from src\main\AndroidManifest.xml
		INJECTED from src\main\AndroidManifest.xml
	android:versionName
		ADDED from src\main\AndroidManifest.xml:5:5-30
		INJECTED from src\main\AndroidManifest.xml
		INJECTED from src\main\AndroidManifest.xml
	android:versionCode
		ADDED from src\main\AndroidManifest.xml:4:5-28
		INJECTED from src\main\AndroidManifest.xml
		INJECTED from src\main\AndroidManifest.xml
	xmlns:android
		ADDED from src\main\AndroidManifest.xml:2:11-69
uses-sdk
ADDED from src\main\AndroidManifest.xml:7:5-9:41
MERGED from [com.android.support:support-v4:22.0.0] AndroidManifest.xml:20:5-43
	android:targetSdkVersion
		ADDED from src\main\AndroidManifest.xml:9:9-38
		INJECTED from src\main\AndroidManifest.xml
		INJECTED from src\main\AndroidManifest.xml
	android:minSdkVersion
		ADDED from src\main\AndroidManifest.xml:8:9-35
		INJECTED from src\main\AndroidManifest.xml
		INJECTED from src\main\AndroidManifest.xml
uses-permission#android.permission.SEND_SMS
ADDED from src\main\AndroidManifest.xml:11:5-67
	android:name
		ADDED from src\main\AndroidManifest.xml:11:22-64
uses-permission#android.permission.READ_SMS
ADDED from src\main\AndroidManifest.xml:12:5-67
	android:name
		ADDED from src\main\AndroidManifest.xml:12:22-64
uses-permission#android.permission.RECEIVE_SMS
ADDED from src\main\AndroidManifest.xml:13:5-69
	android:name
		ADDED from src\main\AndroidManifest.xml:13:22-67
uses-permission#android.permission.INTERNET
ADDED from src\main\AndroidManifest.xml:14:5-67
	android:name
		ADDED from src\main\AndroidManifest.xml:14:22-64
uses-permission#android.permission.ACCESS_NETWORK_STATE
ADDED from src\main\AndroidManifest.xml:15:5-79
	android:name
		ADDED from src\main\AndroidManifest.xml:15:22-76
uses-permission#android.permission.ACCESS_WIFI_STATE
ADDED from src\main\AndroidManifest.xml:16:5-76
	android:name
		ADDED from src\main\AndroidManifest.xml:16:22-73
uses-permission#android.permission.CAMERA
ADDED from src\main\AndroidManifest.xml:17:5-65
	android:name
		ADDED from src\main\AndroidManifest.xml:17:22-62
uses-permission#android.permission.WRITE_EXTERNAL_STORAGE
ADDED from src\main\AndroidManifest.xml:18:5-81
	android:name
		ADDED from src\main\AndroidManifest.xml:18:22-78
uses-permission#android.permission.READ_PHONE_STATE
ADDED from src\main\AndroidManifest.xml:19:5-75
	android:name
		ADDED from src\main\AndroidManifest.xml:19:22-72
uses-permission#android.permission.CALL_PHONE
ADDED from src\main\AndroidManifest.xml:21:5-22:23
	android:name
		ADDED from src\main\AndroidManifest.xml:21:22-66
uses-permission#android.permission.ACCESS_FINE_LOCATION
ADDED from src\main\AndroidManifest.xml:24:5-79
	android:name
		ADDED from src\main\AndroidManifest.xml:24:22-76
uses-permission#android.permission.ACCESS_COARSE_LOCATION
ADDED from src\main\AndroidManifest.xml:25:5-81
	android:name
		ADDED from src\main\AndroidManifest.xml:25:22-78
uses-permission#android.permission.SYSTEM_ALERT_WINDOW
ADDED from src\main\AndroidManifest.xml:26:5-78
	android:name
		ADDED from src\main\AndroidManifest.xml:26:22-75
uses-permission#android.permission.BLUETOOTH
ADDED from src\main\AndroidManifest.xml:28:5-68
	android:name
		ADDED from src\main\AndroidManifest.xml:28:22-65
uses-permission#android.permission.BLUETOOTH_ADMIN
ADDED from src\main\AndroidManifest.xml:29:5-74
	android:name
		ADDED from src\main\AndroidManifest.xml:29:22-71
uses-permission#android.permission.MOUNT_UNMOUNT_FILESYSTEMS
ADDED from src\main\AndroidManifest.xml:30:5-84
	android:name
		ADDED from src\main\AndroidManifest.xml:30:22-81
supports-screens
ADDED from src\main\AndroidManifest.xml:37:5-42:39
	android:largeScreens
		ADDED from src\main\AndroidManifest.xml:39:9-36
	android:smallScreens
		ADDED from src\main\AndroidManifest.xml:42:9-36
	android:normalScreens
		ADDED from src\main\AndroidManifest.xml:40:9-37
	android:resizeable
		ADDED from src\main\AndroidManifest.xml:41:9-34
	android:anyDensity
		ADDED from src\main\AndroidManifest.xml:38:9-34
application
ADDED from src\main\AndroidManifest.xml:44:5-115:19
MERGED from [com.android.support:support-v4:22.0.0] AndroidManifest.xml:22:5-20
	android:label
		ADDED from src\main\AndroidManifest.xml:47:9-41
	android:allowBackup
		ADDED from src\main\AndroidManifest.xml:45:9-35
	android:icon
		ADDED from src\main\AndroidManifest.xml:46:9-45
	android:theme
		ADDED from src\main\AndroidManifest.xml:48:9-40
activity#com.app.bulkgasoline.MainActivity
ADDED from src\main\AndroidManifest.xml:49:9-56:20
	android:screenOrientation
		ADDED from src\main\AndroidManifest.xml:52:13-49
	android:label
		ADDED from src\main\AndroidManifest.xml:51:13-45
	android:name
		ADDED from src\main\AndroidManifest.xml:50:13-61
intent-filter#android.intent.action.MAIN
ADDED from src\main\AndroidManifest.xml:53:13-55:29
action#android.intent.action.MAIN
ADDED from src\main\AndroidManifest.xml:54:17-69
	android:name
		ADDED from src\main\AndroidManifest.xml:54:25-66
activity#com.app.bulkgasoline.LoginActivity
ADDED from src\main\AndroidManifest.xml:57:9-66:20
	android:screenOrientation
		ADDED from src\main\AndroidManifest.xml:60:13-49
	android:label
		ADDED from src\main\AndroidManifest.xml:59:13-45
	android:name
		ADDED from src\main\AndroidManifest.xml:58:13-62
intent-filter#android.intent.action.MAIN+android.intent.category.LAUNCHER
ADDED from src\main\AndroidManifest.xml:61:13-65:29
category#android.intent.category.LAUNCHER
ADDED from src\main\AndroidManifest.xml:64:17-77
	android:name
		ADDED from src\main\AndroidManifest.xml:64:27-74
activity#com.app.bulkgasoline.SettingActivity
ADDED from src\main\AndroidManifest.xml:67:9-74:20
	android:screenOrientation
		ADDED from src\main\AndroidManifest.xml:70:13-49
	android:label
		ADDED from src\main\AndroidManifest.xml:69:13-45
	android:name
		ADDED from src\main\AndroidManifest.xml:68:13-64
activity#com.app.bulkgasoline.QueryResultCustomerActivity
ADDED from src\main\AndroidManifest.xml:75:9-82:20
	android:screenOrientation
		ADDED from src\main\AndroidManifest.xml:78:13-49
	android:label
		ADDED from src\main\AndroidManifest.xml:77:13-45
	android:name
		ADDED from src\main\AndroidManifest.xml:76:13-76
activity#com.app.bulkgasoline.QueryResultVehicleActivity
ADDED from src\main\AndroidManifest.xml:83:9-90:20
	android:screenOrientation
		ADDED from src\main\AndroidManifest.xml:86:13-49
	android:label
		ADDED from src\main\AndroidManifest.xml:85:13-45
	android:name
		ADDED from src\main\AndroidManifest.xml:84:13-75
activity#com.app.bulkgasoline.DetailCustomerActivity
ADDED from src\main\AndroidManifest.xml:91:9-98:20
	android:screenOrientation
		ADDED from src\main\AndroidManifest.xml:94:13-49
	android:label
		ADDED from src\main\AndroidManifest.xml:93:13-45
	android:name
		ADDED from src\main\AndroidManifest.xml:92:13-71
activity#com.app.bulkgasoline.DetailVehicleActivity
ADDED from src\main\AndroidManifest.xml:99:9-106:20
	android:screenOrientation
		ADDED from src\main\AndroidManifest.xml:102:13-49
	android:label
		ADDED from src\main\AndroidManifest.xml:101:13-45
	android:name
		ADDED from src\main\AndroidManifest.xml:100:13-70
activity#com.app.bulkgasoline.PreviewImageActivity
ADDED from src\main\AndroidManifest.xml:107:9-114:20
	android:screenOrientation
		ADDED from src\main\AndroidManifest.xml:110:13-49
	android:label
		ADDED from src\main\AndroidManifest.xml:109:13-45
	android:name
		ADDED from src\main\AndroidManifest.xml:108:13-69